2021-10-27 23:32:10 INFO Starting Application using Java 1.8.0_291 on DESKTOP-MA8M88E with PID 23472 (C:\Users\Admin\OneDrive - Unicorn\Documents\GitHub\com-lasa\com-lasa-service\target\classes started by Admin in C:\Users\Admin\OneDrive - Unicorn\Documents\GitHub\com-lasa\com-lasa-service) 
2021-10-27 23:32:10 INFO No active profile set, falling back to default profiles: default 
2021-10-27 23:32:10 INFO Bootstrapping Spring Data JPA repositories in DEFAULT mode. 
2021-10-27 23:32:11 INFO Finished Spring Data repository scanning in 100 ms. Found 11 JPA repository interfaces. 
2021-10-27 23:32:11 INFO Bean 'org.springframework.security.access.expression.method.DefaultMethodSecurityExpressionHandler@291373d3' of type [org.springframework.security.access.expression.method.DefaultMethodSecurityExpressionHandler] is not eligible for getting processed by all BeanPostProcessors (for example: not eligible for auto-proxying) 
2021-10-27 23:32:11 INFO Bean 'methodSecurityMetadataSource' of type [org.springframework.security.access.method.DelegatingMethodSecurityMetadataSource] is not eligible for getting processed by all BeanPostProcessors (for example: not eligible for auto-proxying) 
2021-10-27 23:32:12 INFO Tomcat initialized with port(s): 8080 (http) 
2021-10-27 23:32:12 INFO Initializing ProtocolHandler ["http-nio-8080"] 
2021-10-27 23:32:12 INFO Starting service [Tomcat] 
2021-10-27 23:32:12 INFO Starting Servlet engine: [Apache Tomcat/9.0.53] 
2021-10-27 23:32:12 INFO Initializing Spring embedded WebApplicationContext 
2021-10-27 23:32:12 INFO Root WebApplicationContext: initialization completed in 2037 ms 
2021-10-27 23:32:12 INFO webapp - Starting... 
2021-10-27 23:32:13 INFO webapp - Start completed. 
2021-10-27 23:32:13 INFO HHH000204: Processing PersistenceUnitInfo [name: default] 
2021-10-27 23:32:13 INFO HHH000412: Hibernate ORM core version 5.4.32.Final 
2021-10-27 23:32:14 INFO HCANN000001: Hibernate Commons Annotations {5.1.2.Final} 
2021-10-27 23:32:14 INFO HHH000400: Using dialect: org.hibernate.dialect.SQLServer2012Dialect 
2021-10-27 23:32:15 INFO HHH000490: Using JtaPlatform implementation: [org.hibernate.engine.transaction.jta.platform.internal.NoJtaPlatform] 
2021-10-27 23:32:15 INFO Initialized JPA EntityManagerFactory for persistence unit 'default' 
2021-10-27 23:32:16 INFO Will secure Ant [pattern='/v2/api-docs'] with [] 
2021-10-27 23:32:16 INFO Will secure Ant [pattern='/configuration/ui'] with [] 
2021-10-27 23:32:16 INFO Will secure Ant [pattern='/swagger-resources/**'] with [] 
2021-10-27 23:32:16 INFO Will secure Ant [pattern='/configuration/security'] with [] 
2021-10-27 23:32:16 INFO Will secure Ant [pattern='/swagger-ui.html'] with [] 
2021-10-27 23:32:16 INFO Will secure Ant [pattern='/webjars/**'] with [] 
2021-10-27 23:32:16 INFO Will secure any request with [org.springframework.security.web.context.request.async.WebAsyncManagerIntegrationFilter@42536da6, org.springframework.security.web.context.SecurityContextPersistenceFilter@78aa1753, org.springframework.security.web.header.HeaderWriterFilter@74d53d63, org.springframework.web.filter.CorsFilter@7591cbd1, com.lasa.security.filter.UUIDHandlerFilter@1ab9c735, com.lasa.security.filter.ExceptionHandlerFilter@71262020, org.springframework.security.web.authentication.logout.LogoutFilter@5b32e0b1, com.lasa.security.filter.JwtRequestFilter@2d4a0671, org.springframework.security.web.savedrequest.RequestCacheAwareFilter@4c1b4e07, org.springframework.security.web.servletapi.SecurityContextHolderAwareRequestFilter@486dd616, org.springframework.security.web.authentication.AnonymousAuthenticationFilter@5cdc8499, org.springframework.security.web.session.SessionManagementFilter@507f7cd1, org.springframework.security.web.access.ExceptionTranslationFilter@614361fa, org.springframework.security.web.access.intercept.FilterSecurityInterceptor@5b0e5d5f] 
2021-10-27 23:32:16 INFO Mapped URL path [/v2/api-docs] onto method [springfox.documentation.swagger2.web.Swagger2Controller#getDocumentation(String, HttpServletRequest)] 
2021-10-27 23:32:16 INFO Starting ProtocolHandler ["http-nio-8080"] 
2021-10-27 23:32:16 INFO Tomcat started on port(s): 8080 (http) with context path '/las' 
2021-10-27 23:32:16 INFO Context refreshed 
2021-10-27 23:32:16 INFO Found 1 custom documentation plugin(s) 
2021-10-27 23:32:16 INFO Scanning for api listing references 
2021-10-27 23:32:17 INFO Generating unique operation named: findWithArgumentsUsingGET_1 
2021-10-27 23:32:17 INFO Generating unique operation named: findByIdUsingGET_1 
2021-10-27 23:32:17 INFO Generating unique operation named: findByIdUsingGET_2 
2021-10-27 23:32:17 INFO Generating unique operation named: findWithArgumentUsingGET_1 
2021-10-27 23:32:17 INFO Generating unique operation named: findByIdUsingGET_3 
2021-10-27 23:32:17 INFO Generating unique operation named: findWithArgumentsUsingGET_2 
2021-10-27 23:32:17 INFO Generating unique operation named: findByIdUsingGET_4 
2021-10-27 23:32:17 INFO Generating unique operation named: findWithArgumentsUsingGET_3 
2021-10-27 23:32:17 INFO Generating unique operation named: findByIdUsingGET_5 
2021-10-27 23:32:17 INFO Generating unique operation named: findWithArgumentsUsingGET_4 
2021-10-27 23:32:17 INFO Generating unique operation named: findWithArgumentsUsingGET_5 
2021-10-27 23:32:17 INFO Generating unique operation named: findByIdUsingGET_6 
2021-10-27 23:32:17 INFO Generating unique operation named: findWithArgumentsUsingGET_6 
2021-10-27 23:32:17 INFO Started Application in 7.193 seconds (JVM running for 7.812) 
2021-10-27 23:32:35 INFO Initializing Spring DispatcherServlet 'dispatcherServlet' 
2021-10-27 23:32:35 INFO Initializing Servlet 'dispatcherServlet' 
2021-10-27 23:32:35 INFO Completed initialization in 2 ms 
