2021-10-31 20:14:57 INFO HV000001: Hibernate Validator 6.2.0.Final 
2021-10-31 20:14:57 INFO Starting Application using Java 1.8.0_291 on DESKTOP-MA8M88E with PID 1584 (C:\Users\Admin\OneDrive - Unicorn\Documents\GitHub\com-lasa\com-lasa-service\target\classes started by Admin in C:\Users\Admin\OneDrive - Unicorn\Documents\GitHub\com-lasa\com-lasa-service) 
2021-10-31 20:14:57 INFO No active profile set, falling back to default profiles: default 
2021-10-31 20:14:57 INFO Bootstrapping Spring Data JPA repositories in DEFAULT mode. 
2021-10-31 20:14:58 INFO Finished Spring Data repository scanning in 105 ms. Found 11 JPA repository interfaces. 
2021-10-31 20:14:58 INFO Bean 'application' of type [com.lasa.Application$$EnhancerBySpringCGLIB$$1be13152] is not eligible for getting processed by all BeanPostProcessors (for example: not eligible for auto-proxying) 
2021-10-31 20:14:58 INFO Bean 'org.springframework.security.access.expression.method.DefaultMethodSecurityExpressionHandler@3078cac' of type [org.springframework.security.access.expression.method.DefaultMethodSecurityExpressionHandler] is not eligible for getting processed by all BeanPostProcessors (for example: not eligible for auto-proxying) 
2021-10-31 20:14:58 INFO Bean 'methodSecurityMetadataSource' of type [org.springframework.security.access.method.DelegatingMethodSecurityMetadataSource] is not eligible for getting processed by all BeanPostProcessors (for example: not eligible for auto-proxying) 
2021-10-31 20:14:59 INFO Tomcat initialized with port(s): 8080 (http) 
2021-10-31 20:14:59 INFO Initializing ProtocolHandler ["http-nio-8080"] 
2021-10-31 20:14:59 INFO Starting service [Tomcat] 
2021-10-31 20:14:59 INFO Starting Servlet engine: [Apache Tomcat/9.0.53] 
2021-10-31 20:14:59 INFO Initializing Spring embedded WebApplicationContext 
2021-10-31 20:14:59 INFO Root WebApplicationContext: initialization completed in 2230 ms 
2021-10-31 20:14:59 INFO webapp - Starting... 
2021-10-31 20:15:01 INFO webapp - Start completed. 
2021-10-31 20:15:01 INFO HHH000204: Processing PersistenceUnitInfo [name: default] 
2021-10-31 20:15:01 INFO HHH000412: Hibernate ORM core version 5.4.32.Final 
2021-10-31 20:15:01 INFO HCANN000001: Hibernate Commons Annotations {5.1.2.Final} 
2021-10-31 20:15:01 INFO HHH000400: Using dialect: org.hibernate.dialect.SQLServer2012Dialect 
2021-10-31 20:15:03 INFO HHH000490: Using JtaPlatform implementation: [org.hibernate.engine.transaction.jta.platform.internal.NoJtaPlatform] 
2021-10-31 20:15:03 INFO Initialized JPA EntityManagerFactory for persistence unit 'default' 
2021-10-31 20:15:04 INFO Closing JPA EntityManagerFactory for persistence unit 'default' 
2021-10-31 20:15:04 INFO webapp - Shutdown initiated... 
2021-10-31 20:15:04 INFO webapp - Shutdown completed. 
2021-10-31 20:15:04 INFO Stopping service [Tomcat] 
2021-10-31 20:15:04 INFO 

Error starting ApplicationContext. To display the conditions report re-run your application with 'debug' enabled. 
