2021-11-01 23:33:51 INFO HV000001: Hibernate Validator 6.2.0.Final 
2021-11-01 23:33:51 INFO Starting Application using Java 1.8.0_301 on DESKTOP-GFQSIK2 with PID 15920 (D:\GitHub\com-lasa\com-lasa-service\target\classes started by hai in D:\GitHub\com-lasa\com-lasa-service) 
2021-11-01 23:33:51 INFO No active profile set, falling back to default profiles: default 
2021-11-01 23:33:52 INFO Bootstrapping Spring Data JPA repositories in DEFAULT mode. 
2021-11-01 23:33:53 INFO Finished Spring Data repository scanning in 116 ms. Found 11 JPA repository interfaces. 
2021-11-01 23:33:53 INFO Bean 'application' of type [com.lasa.Application$$EnhancerBySpringCGLIB$$746b9fba] is not eligible for getting processed by all BeanPostProcessors (for example: not eligible for auto-proxying) 
2021-11-01 23:33:53 INFO Bean 'org.springframework.security.access.expression.method.DefaultMethodSecurityExpressionHandler@23b8d9f3' of type [org.springframework.security.access.expression.method.DefaultMethodSecurityExpressionHandler] is not eligible for getting processed by all BeanPostProcessors (for example: not eligible for auto-proxying) 
2021-11-01 23:33:53 INFO Bean 'methodSecurityMetadataSource' of type [org.springframework.security.access.method.DelegatingMethodSecurityMetadataSource] is not eligible for getting processed by all BeanPostProcessors (for example: not eligible for auto-proxying) 
2021-11-01 23:33:53 INFO Tomcat initialized with port(s): 8080 (http) 
2021-11-01 23:33:53 INFO Initializing ProtocolHandler ["http-nio-8080"] 
2021-11-01 23:33:53 INFO Starting service [Tomcat] 
2021-11-01 23:33:53 INFO Starting Servlet engine: [Apache Tomcat/9.0.53] 
2021-11-01 23:33:53 INFO Initializing Spring embedded WebApplicationContext 
2021-11-01 23:33:53 INFO Root WebApplicationContext: initialization completed in 1987 ms 
2021-11-01 23:33:54 INFO webapp - Starting... 
2021-11-01 23:33:55 INFO webapp - Start completed. 
2021-11-01 23:33:55 INFO HHH000204: Processing PersistenceUnitInfo [name: default] 
2021-11-01 23:33:55 INFO HHH000412: Hibernate ORM core version 5.4.32.Final 
2021-11-01 23:33:55 INFO HCANN000001: Hibernate Commons Annotations {5.1.2.Final} 
2021-11-01 23:33:55 INFO HHH000400: Using dialect: org.hibernate.dialect.SQLServer2012Dialect 
2021-11-01 23:33:58 INFO HHH000490: Using JtaPlatform implementation: [org.hibernate.engine.transaction.jta.platform.internal.NoJtaPlatform] 
2021-11-01 23:33:58 INFO Initialized JPA EntityManagerFactory for persistence unit 'default' 
2021-11-01 23:34:00 INFO Will secure Ant [pattern='/v2/api-docs'] with [] 
2021-11-01 23:34:00 INFO Will secure Ant [pattern='/configuration/ui'] with [] 
2021-11-01 23:34:00 INFO Will secure Ant [pattern='/swagger-resources/**'] with [] 
2021-11-01 23:34:00 INFO Will secure Ant [pattern='/configuration/security'] with [] 
2021-11-01 23:34:00 INFO Will secure Ant [pattern='/swagger-ui.html'] with [] 
2021-11-01 23:34:00 INFO Will secure Ant [pattern='/webjars/**'] with [] 
2021-11-01 23:34:00 INFO Will secure any request with [org.springframework.security.web.context.request.async.WebAsyncManagerIntegrationFilter@2c4eae94, org.springframework.security.web.context.SecurityContextPersistenceFilter@42a97053, org.springframework.security.web.header.HeaderWriterFilter@5401c6a8, org.springframework.web.filter.CorsFilter@3f33bb6f, com.lasa.security.filter.UUIDHandlerFilter@300aa927, com.lasa.security.filter.ExceptionHandlerFilter@4b336cc8, org.springframework.security.web.authentication.logout.LogoutFilter@62e99458, com.lasa.security.filter.JwtRequestFilter@199806aa, org.springframework.security.web.savedrequest.RequestCacheAwareFilter@33089426, org.springframework.security.web.servletapi.SecurityContextHolderAwareRequestFilter@5d75f90e, org.springframework.security.web.authentication.AnonymousAuthenticationFilter@446cc036, org.springframework.security.web.session.SessionManagementFilter@3731e8b6, org.springframework.security.web.access.ExceptionTranslationFilter@e04b8a0, org.springframework.security.web.access.intercept.FilterSecurityInterceptor@40277077] 
2021-11-01 23:34:00 INFO Mapped URL path [/v2/api-docs] onto method [springfox.documentation.swagger2.web.Swagger2Controller#getDocumentation(String, HttpServletRequest)] 
2021-11-01 23:34:00 INFO Starting ProtocolHandler ["http-nio-8080"] 
2021-11-01 23:34:00 INFO Tomcat started on port(s): 8080 (http) with context path '/las' 
2021-11-01 23:34:00 INFO Context refreshed 
2021-11-01 23:34:00 INFO Found 1 custom documentation plugin(s) 
2021-11-01 23:34:00 INFO Scanning for api listing references 
2021-11-01 23:34:01 INFO Generating unique operation named: findWithArgumentsUsingGET_1 
2021-11-01 23:34:01 INFO Generating unique operation named: findByIdUsingGET_1 
2021-11-01 23:34:01 INFO Generating unique operation named: findByIdUsingGET_2 
2021-11-01 23:34:01 INFO Generating unique operation named: findWithArgumentUsingGET_1 
2021-11-01 23:34:01 INFO Generating unique operation named: findByIdUsingGET_3 
2021-11-01 23:34:01 INFO Generating unique operation named: findWithArgumentsUsingGET_2 
2021-11-01 23:34:01 INFO Generating unique operation named: findByIdUsingGET_4 
2021-11-01 23:34:01 INFO Generating unique operation named: findWithArgumentsUsingGET_3 
2021-11-01 23:34:01 INFO Generating unique operation named: findByIdUsingGET_5 
2021-11-01 23:34:01 INFO Generating unique operation named: findWithArgumentsUsingGET_4 
2021-11-01 23:34:01 INFO Generating unique operation named: findWithArgumentsUsingGET_5 
2021-11-01 23:34:01 INFO Generating unique operation named: findByIdUsingGET_6 
2021-11-01 23:34:01 INFO Generating unique operation named: findWithArgumentsUsingGET_6 
2021-11-01 23:34:01 INFO Started Application in 10.106 seconds (JVM running for 10.827) 
2021-11-01 23:34:25 INFO Initializing Spring DispatcherServlet 'dispatcherServlet' 
2021-11-01 23:34:25 INFO Initializing Servlet 'dispatcherServlet' 
2021-11-01 23:34:25 INFO Completed initialization in 2 ms 
2021-11-01 23:34:33 INFO Closing JPA EntityManagerFactory for persistence unit 'default' 
2021-11-01 23:34:33 INFO webapp - Shutdown initiated... 
2021-11-01 23:34:33 INFO webapp - Shutdown completed. 
