2021-11-02 15:00:11 INFO HV000001: Hibernate Validator 6.2.0.Final 
2021-11-02 15:00:11 INFO Starting Application using Java 1.8.0_291 on DESKTOP-MA8M88E with PID 16696 (C:\Users\Admin\OneDrive - Unicorn\Documents\GitHub\com-lasa\com-lasa-service\target\classes started by Admin in C:\Users\Admin\OneDrive - Unicorn\Documents\GitHub\com-lasa\com-lasa-service) 
2021-11-02 15:00:11 INFO No active profile set, falling back to default profiles: default 
2021-11-02 15:00:12 INFO Bootstrapping Spring Data JPA repositories in DEFAULT mode. 
2021-11-02 15:00:12 INFO Finished Spring Data repository scanning in 119 ms. Found 11 JPA repository interfaces. 
2021-11-02 15:00:12 INFO Bean 'application' of type [com.lasa.Application$$EnhancerBySpringCGLIB$$2c99fd9] is not eligible for getting processed by all BeanPostProcessors (for example: not eligible for auto-proxying) 
2021-11-02 15:00:12 INFO Bean 'org.springframework.security.access.expression.method.DefaultMethodSecurityExpressionHandler@37c36608' of type [org.springframework.security.access.expression.method.DefaultMethodSecurityExpressionHandler] is not eligible for getting processed by all BeanPostProcessors (for example: not eligible for auto-proxying) 
2021-11-02 15:00:12 INFO Bean 'methodSecurityMetadataSource' of type [org.springframework.security.access.method.DelegatingMethodSecurityMetadataSource] is not eligible for getting processed by all BeanPostProcessors (for example: not eligible for auto-proxying) 
2021-11-02 15:00:13 INFO Tomcat initialized with port(s): 8080 (http) 
2021-11-02 15:00:13 INFO Initializing ProtocolHandler ["http-nio-8080"] 
2021-11-02 15:00:13 INFO Starting service [Tomcat] 
2021-11-02 15:00:13 INFO Starting Servlet engine: [Apache Tomcat/9.0.53] 
2021-11-02 15:00:13 INFO Initializing Spring embedded WebApplicationContext 
2021-11-02 15:00:13 INFO Root WebApplicationContext: initialization completed in 1551 ms 
2021-11-02 15:00:13 INFO webapp - Starting... 
2021-11-02 15:00:14 INFO webapp - Start completed. 
2021-11-02 15:00:14 INFO HHH000204: Processing PersistenceUnitInfo [name: default] 
2021-11-02 15:00:14 INFO HHH000412: Hibernate ORM core version 5.4.32.Final 
2021-11-02 15:00:14 INFO HCANN000001: Hibernate Commons Annotations {5.1.2.Final} 
2021-11-02 15:00:14 INFO HHH000400: Using dialect: org.hibernate.dialect.SQLServer2012Dialect 
2021-11-02 15:00:15 INFO HHH000490: Using JtaPlatform implementation: [org.hibernate.engine.transaction.jta.platform.internal.NoJtaPlatform] 
2021-11-02 15:00:15 INFO Initialized JPA EntityManagerFactory for persistence unit 'default' 
2021-11-02 15:00:17 INFO Will secure Ant [pattern='/v2/api-docs'] with [] 
2021-11-02 15:00:17 INFO Will secure Ant [pattern='/configuration/ui'] with [] 
2021-11-02 15:00:17 INFO Will secure Ant [pattern='/swagger-resources/**'] with [] 
2021-11-02 15:00:17 INFO Will secure Ant [pattern='/configuration/security'] with [] 
2021-11-02 15:00:17 INFO Will secure Ant [pattern='/swagger-ui.html'] with [] 
2021-11-02 15:00:17 INFO Will secure Ant [pattern='/webjars/**'] with [] 
2021-11-02 15:00:17 INFO Will secure any request with [org.springframework.security.web.context.request.async.WebAsyncManagerIntegrationFilter@48bab2c6, org.springframework.security.web.context.SecurityContextPersistenceFilter@1002d1c8, org.springframework.security.web.header.HeaderWriterFilter@56193e3a, org.springframework.web.filter.CorsFilter@6ad26381, com.lasa.security.filter.UUIDHandlerFilter@646d58cd, com.lasa.security.filter.ExceptionHandlerFilter@7cbf4f8c, org.springframework.security.web.authentication.logout.LogoutFilter@306cfb8a, com.lasa.security.filter.JwtRequestFilter@4552f905, org.springframework.security.web.savedrequest.RequestCacheAwareFilter@41289e88, org.springframework.security.web.servletapi.SecurityContextHolderAwareRequestFilter@432448, org.springframework.security.web.authentication.AnonymousAuthenticationFilter@4b20aa21, org.springframework.security.web.session.SessionManagementFilter@71f10042, org.springframework.security.web.access.ExceptionTranslationFilter@3c6fc4cd, org.springframework.security.web.access.intercept.FilterSecurityInterceptor@66a8ff6d] 
2021-11-02 15:00:17 INFO Mapped URL path [/v2/api-docs] onto method [springfox.documentation.swagger2.web.Swagger2Controller#getDocumentation(String, HttpServletRequest)] 
2021-11-02 15:00:17 INFO Starting ProtocolHandler ["http-nio-8080"] 
2021-11-02 15:00:17 INFO Tomcat started on port(s): 8080 (http) with context path '/las' 
2021-11-02 15:00:17 INFO Context refreshed 
2021-11-02 15:00:17 INFO Found 1 custom documentation plugin(s) 
2021-11-02 15:00:17 INFO Scanning for api listing references 
2021-11-02 15:00:17 INFO Generating unique operation named: findWithArgumentsUsingGET_1 
2021-11-02 15:00:17 INFO Generating unique operation named: findByIdUsingGET_1 
2021-11-02 15:00:17 INFO Generating unique operation named: findByIdUsingGET_2 
2021-11-02 15:00:17 INFO Generating unique operation named: findWithArgumentUsingGET_1 
2021-11-02 15:00:17 INFO Generating unique operation named: findByIdUsingGET_3 
2021-11-02 15:00:17 INFO Generating unique operation named: findWithArgumentsUsingGET_2 
2021-11-02 15:00:17 INFO Generating unique operation named: findByIdUsingGET_4 
2021-11-02 15:00:17 INFO Generating unique operation named: findWithArgumentsUsingGET_3 
2021-11-02 15:00:17 INFO Generating unique operation named: findByIdUsingGET_5 
2021-11-02 15:00:17 INFO Generating unique operation named: findWithArgumentsUsingGET_4 
2021-11-02 15:00:17 INFO Generating unique operation named: findWithArgumentsUsingGET_5 
2021-11-02 15:00:17 INFO Generating unique operation named: findByIdUsingGET_6 
2021-11-02 15:00:17 INFO Generating unique operation named: findWithArgumentsUsingGET_6 
2021-11-02 15:00:17 INFO Started Application in 6.287 seconds (JVM running for 6.902) 
