2021-10-23 00:51:25 INFO Starting Application using Java 1.8.0_291 on DESKTOP-MA8M88E with PID 15508 (C:\Users\Admin\OneDrive - Unicorn\Documents\GitHub\com-lasa\com-lasa-service\target\classes started by Admin in C:\Users\Admin\OneDrive - Unicorn\Documents\GitHub\com-lasa\com-lasa-service) 
2021-10-23 00:51:25 INFO No active profile set, falling back to default profiles: default 
2021-10-23 00:51:26 INFO Bootstrapping Spring Data JPA repositories in DEFAULT mode. 
2021-10-23 00:51:26 INFO Finished Spring Data repository scanning in 101 ms. Found 11 JPA repository interfaces. 
2021-10-23 00:51:26 INFO Bean 'org.springframework.security.access.expression.method.DefaultMethodSecurityExpressionHandler@7ceb4478' of type [org.springframework.security.access.expression.method.DefaultMethodSecurityExpressionHandler] is not eligible for getting processed by all BeanPostProcessors (for example: not eligible for auto-proxying) 
2021-10-23 00:51:26 INFO Bean 'methodSecurityMetadataSource' of type [org.springframework.security.access.method.DelegatingMethodSecurityMetadataSource] is not eligible for getting processed by all BeanPostProcessors (for example: not eligible for auto-proxying) 
2021-10-23 00:51:27 INFO Tomcat initialized with port(s): 8080 (http) 
2021-10-23 00:51:27 INFO Initializing ProtocolHandler ["http-nio-8080"] 
2021-10-23 00:51:27 INFO Starting service [Tomcat] 
2021-10-23 00:51:27 INFO Starting Servlet engine: [Apache Tomcat/9.0.53] 
2021-10-23 00:51:27 INFO Initializing Spring embedded WebApplicationContext 
2021-10-23 00:51:27 INFO Root WebApplicationContext: initialization completed in 1997 ms 
2021-10-23 00:51:28 INFO webapp - Starting... 
2021-10-23 00:51:29 INFO webapp - Start completed. 
2021-10-23 00:51:29 INFO HHH000204: Processing PersistenceUnitInfo [name: default] 
2021-10-23 00:51:29 INFO HHH000412: Hibernate ORM core version 5.4.32.Final 
2021-10-23 00:51:29 INFO HCANN000001: Hibernate Commons Annotations {5.1.2.Final} 
2021-10-23 00:51:29 INFO HHH000400: Using dialect: org.hibernate.dialect.SQLServer2012Dialect 
2021-10-23 00:51:31 INFO HHH000490: Using JtaPlatform implementation: [org.hibernate.engine.transaction.jta.platform.internal.NoJtaPlatform] 
2021-10-23 00:51:31 INFO Initialized JPA EntityManagerFactory for persistence unit 'default' 
2021-10-23 00:51:32 INFO Will secure Ant [pattern='/v2/api-docs'] with [] 
2021-10-23 00:51:32 INFO Will secure Ant [pattern='/configuration/ui'] with [] 
2021-10-23 00:51:32 INFO Will secure Ant [pattern='/swagger-resources/**'] with [] 
2021-10-23 00:51:32 INFO Will secure Ant [pattern='/configuration/security'] with [] 
2021-10-23 00:51:32 INFO Will secure Ant [pattern='/swagger-ui.html'] with [] 
2021-10-23 00:51:32 INFO Will secure Ant [pattern='/webjars/**'] with [] 
2021-10-23 00:51:32 INFO Will secure any request with [org.springframework.security.web.context.request.async.WebAsyncManagerIntegrationFilter@4ae5ddc0, org.springframework.security.web.context.SecurityContextPersistenceFilter@7c4a03a, org.springframework.security.web.header.HeaderWriterFilter@1e1ea16d, org.springframework.web.filter.CorsFilter@36ab69d9, com.lasa.security.filter.ExceptionHandlerFilter@2ee456c7, org.springframework.security.web.authentication.logout.LogoutFilter@3ad558bf, com.lasa.security.filter.JwtRequestFilter@3c97f5e9, org.springframework.security.web.savedrequest.RequestCacheAwareFilter@3691d4da, org.springframework.security.web.servletapi.SecurityContextHolderAwareRequestFilter@66226ab, org.springframework.security.web.authentication.AnonymousAuthenticationFilter@5ebfe7fa, org.springframework.security.web.session.SessionManagementFilter@4742466e, org.springframework.security.web.access.ExceptionTranslationFilter@ea84346, org.springframework.security.web.access.intercept.FilterSecurityInterceptor@2f58f492] 
2021-10-23 00:51:32 INFO Mapped URL path [/v2/api-docs] onto method [springfox.documentation.swagger2.web.Swagger2Controller#getDocumentation(String, HttpServletRequest)] 
2021-10-23 00:51:32 INFO Starting ProtocolHandler ["http-nio-8080"] 
2021-10-23 00:51:32 INFO Tomcat started on port(s): 8080 (http) with context path '/las' 
2021-10-23 00:51:32 INFO Context refreshed 
2021-10-23 00:51:32 INFO Found 1 custom documentation plugin(s) 
2021-10-23 00:51:32 INFO Scanning for api listing references 
2021-10-23 00:51:32 INFO Generating unique operation named: findWithArgumentUsingGET_1 
2021-10-23 00:51:32 INFO Generating unique operation named: findAllUsingGET_1 
2021-10-23 00:51:32 INFO Generating unique operation named: findWithArgumentUsingGET_2 
2021-10-23 00:51:32 INFO Generating unique operation named: findWithArgumentUsingGET_3 
2021-10-23 00:51:32 INFO Generating unique operation named: findWithArgumentUsingGET_4 
2021-10-23 00:51:32 INFO Generating unique operation named: findAllUsingGET_2 
2021-10-23 00:51:32 INFO Generating unique operation named: findByIdUsingGET_1 
2021-10-23 00:51:32 INFO Generating unique operation named: findAllUsingGET_3 
2021-10-23 00:51:32 INFO Generating unique operation named: findByIdUsingGET_2 
2021-10-23 00:51:32 INFO Generating unique operation named: findAllUsingGET_4 
2021-10-23 00:51:32 INFO Generating unique operation named: findByIdUsingGET_3 
2021-10-23 00:51:32 INFO Generating unique operation named: findAllUsingGET_5 
2021-10-23 00:51:32 INFO Generating unique operation named: findAllUsingGET_6 
2021-10-23 00:51:32 INFO Generating unique operation named: findByIdUsingGET_4 
2021-10-23 00:51:32 INFO Started Application in 7.268 seconds (JVM running for 7.905) 
