2021-11-04 00:49:36 INFO HV000001: Hibernate Validator 6.2.0.Final 
2021-11-04 00:49:36 INFO Starting Application using Java 1.8.0_301 on DESKTOP-GFQSIK2 with PID 19120 (D:\GitHub\com-lasa\com-lasa-service\target\classes started by hai in D:\GitHub\com-lasa\com-lasa-service) 
2021-11-04 00:49:36 INFO No active profile set, falling back to default profiles: default 
2021-11-04 00:49:36 INFO Bootstrapping Spring Data JPA repositories in DEFAULT mode. 
2021-11-04 00:49:37 INFO Finished Spring Data repository scanning in 117 ms. Found 11 JPA repository interfaces. 
2021-11-04 00:49:37 INFO Bean 'application' of type [com.lasa.Application$$EnhancerBySpringCGLIB$$39f0f329] is not eligible for getting processed by all BeanPostProcessors (for example: not eligible for auto-proxying) 
2021-11-04 00:49:37 INFO Bean 'org.springframework.security.access.expression.method.DefaultMethodSecurityExpressionHandler@22a736d7' of type [org.springframework.security.access.expression.method.DefaultMethodSecurityExpressionHandler] is not eligible for getting processed by all BeanPostProcessors (for example: not eligible for auto-proxying) 
2021-11-04 00:49:37 INFO Bean 'methodSecurityMetadataSource' of type [org.springframework.security.access.method.DelegatingMethodSecurityMetadataSource] is not eligible for getting processed by all BeanPostProcessors (for example: not eligible for auto-proxying) 
2021-11-04 00:49:37 INFO Tomcat initialized with port(s): 8080 (http) 
2021-11-04 00:49:37 INFO Initializing ProtocolHandler ["http-nio-8080"] 
2021-11-04 00:49:37 INFO Starting service [Tomcat] 
2021-11-04 00:49:37 INFO Starting Servlet engine: [Apache Tomcat/9.0.53] 
2021-11-04 00:49:38 INFO Initializing Spring embedded WebApplicationContext 
2021-11-04 00:49:38 INFO Root WebApplicationContext: initialization completed in 1951 ms 
2021-11-04 00:49:38 INFO webapp - Starting... 
2021-11-04 00:49:38 INFO webapp - Start completed. 
2021-11-04 00:49:38 INFO HHH000204: Processing PersistenceUnitInfo [name: default] 
2021-11-04 00:49:38 INFO HHH000412: Hibernate ORM core version 5.4.32.Final 
2021-11-04 00:49:39 INFO HCANN000001: Hibernate Commons Annotations {5.1.2.Final} 
2021-11-04 00:49:39 INFO HHH000400: Using dialect: org.hibernate.dialect.SQLServer2012Dialect 
2021-11-04 00:49:40 INFO HHH000490: Using JtaPlatform implementation: [org.hibernate.engine.transaction.jta.platform.internal.NoJtaPlatform] 
2021-11-04 00:49:40 INFO Initialized JPA EntityManagerFactory for persistence unit 'default' 
2021-11-04 00:49:42 INFO Closing JPA EntityManagerFactory for persistence unit 'default' 
2021-11-04 00:49:42 INFO webapp - Shutdown initiated... 
2021-11-04 00:49:42 INFO webapp - Shutdown completed. 
2021-11-04 00:49:42 INFO Stopping service [Tomcat] 
2021-11-04 00:49:42 INFO 

Error starting ApplicationContext. To display the conditions report re-run your application with 'debug' enabled. 
