2021-10-28 23:15:55 INFO Starting Application using Java 1.8.0_291 on DESKTOP-MA8M88E with PID 8848 (C:\Users\Admin\OneDrive - Unicorn\Documents\GitHub\com-lasa\com-lasa-service\target\classes started by Admin in C:\Users\Admin\OneDrive - Unicorn\Documents\GitHub\com-lasa\com-lasa-service) 
2021-10-28 23:15:55 INFO No active profile set, falling back to default profiles: default 
2021-10-28 23:15:56 INFO Bootstrapping Spring Data JPA repositories in DEFAULT mode. 
2021-10-28 23:15:56 INFO Finished Spring Data repository scanning in 97 ms. Found 11 JPA repository interfaces. 
2021-10-28 23:15:56 INFO Bean 'org.springframework.security.access.expression.method.DefaultMethodSecurityExpressionHandler@291373d3' of type [org.springframework.security.access.expression.method.DefaultMethodSecurityExpressionHandler] is not eligible for getting processed by all BeanPostProcessors (for example: not eligible for auto-proxying) 
2021-10-28 23:15:56 INFO Bean 'methodSecurityMetadataSource' of type [org.springframework.security.access.method.DelegatingMethodSecurityMetadataSource] is not eligible for getting processed by all BeanPostProcessors (for example: not eligible for auto-proxying) 
2021-10-28 23:15:57 INFO Tomcat initialized with port(s): 8080 (http) 
2021-10-28 23:15:57 INFO Initializing ProtocolHandler ["http-nio-8080"] 
2021-10-28 23:15:57 INFO Starting service [Tomcat] 
2021-10-28 23:15:57 INFO Starting Servlet engine: [Apache Tomcat/9.0.53] 
2021-10-28 23:15:57 INFO Initializing Spring embedded WebApplicationContext 
2021-10-28 23:15:57 INFO Root WebApplicationContext: initialization completed in 2006 ms 
2021-10-28 23:15:57 INFO webapp - Starting... 
2021-10-28 23:15:59 INFO webapp - Start completed. 
2021-10-28 23:15:59 INFO HHH000204: Processing PersistenceUnitInfo [name: default] 
2021-10-28 23:15:59 INFO HHH000412: Hibernate ORM core version 5.4.32.Final 
2021-10-28 23:15:59 INFO HCANN000001: Hibernate Commons Annotations {5.1.2.Final} 
2021-10-28 23:15:59 INFO HHH000400: Using dialect: org.hibernate.dialect.SQLServer2012Dialect 
2021-10-28 23:16:00 INFO HHH000490: Using JtaPlatform implementation: [org.hibernate.engine.transaction.jta.platform.internal.NoJtaPlatform] 
2021-10-28 23:16:00 INFO Initialized JPA EntityManagerFactory for persistence unit 'default' 
2021-10-28 23:16:01 INFO Will secure Ant [pattern='/v2/api-docs'] with [] 
2021-10-28 23:16:01 INFO Will secure Ant [pattern='/configuration/ui'] with [] 
2021-10-28 23:16:01 INFO Will secure Ant [pattern='/swagger-resources/**'] with [] 
2021-10-28 23:16:01 INFO Will secure Ant [pattern='/configuration/security'] with [] 
2021-10-28 23:16:01 INFO Will secure Ant [pattern='/swagger-ui.html'] with [] 
2021-10-28 23:16:01 INFO Will secure Ant [pattern='/webjars/**'] with [] 
2021-10-28 23:16:01 INFO Will secure any request with [org.springframework.security.web.context.request.async.WebAsyncManagerIntegrationFilter@2a30b0cb, org.springframework.security.web.context.SecurityContextPersistenceFilter@34cfdd84, org.springframework.security.web.header.HeaderWriterFilter@654c2f81, org.springframework.web.filter.CorsFilter@73d7d676, com.lasa.security.filter.UUIDHandlerFilter@1ab9c735, com.lasa.security.filter.ExceptionHandlerFilter@71262020, org.springframework.security.web.authentication.logout.LogoutFilter@23ea3853, com.lasa.security.filter.JwtRequestFilter@2d4a0671, org.springframework.security.web.savedrequest.RequestCacheAwareFilter@320e179f, org.springframework.security.web.servletapi.SecurityContextHolderAwareRequestFilter@e27d97b, org.springframework.security.web.authentication.AnonymousAuthenticationFilter@8e3449e, org.springframework.security.web.session.SessionManagementFilter@67292fc7, org.springframework.security.web.access.ExceptionTranslationFilter@18f27a81, org.springframework.security.web.access.intercept.FilterSecurityInterceptor@7591cbd1] 
2021-10-28 23:16:02 INFO Mapped URL path [/v2/api-docs] onto method [springfox.documentation.swagger2.web.Swagger2Controller#getDocumentation(String, HttpServletRequest)] 
2021-10-28 23:16:02 INFO Starting ProtocolHandler ["http-nio-8080"] 
2021-10-28 23:16:02 INFO Tomcat started on port(s): 8080 (http) with context path '/las' 
2021-10-28 23:16:02 INFO Context refreshed 
2021-10-28 23:16:02 INFO Found 1 custom documentation plugin(s) 
2021-10-28 23:16:02 INFO Scanning for api listing references 
2021-10-28 23:16:02 INFO Generating unique operation named: findWithArgumentsUsingGET_1 
2021-10-28 23:16:02 INFO Generating unique operation named: findByIdUsingGET_1 
2021-10-28 23:16:02 INFO Generating unique operation named: findByIdUsingGET_2 
2021-10-28 23:16:02 INFO Generating unique operation named: findWithArgumentUsingGET_1 
2021-10-28 23:16:02 INFO Generating unique operation named: findByIdUsingGET_3 
2021-10-28 23:16:02 INFO Generating unique operation named: findWithArgumentsUsingGET_2 
2021-10-28 23:16:02 INFO Generating unique operation named: findByIdUsingGET_4 
2021-10-28 23:16:02 INFO Generating unique operation named: findWithArgumentsUsingGET_3 
2021-10-28 23:16:02 INFO Generating unique operation named: findByIdUsingGET_5 
2021-10-28 23:16:02 INFO Generating unique operation named: findWithArgumentsUsingGET_4 
2021-10-28 23:16:02 INFO Generating unique operation named: findWithArgumentsUsingGET_5 
2021-10-28 23:16:02 INFO Generating unique operation named: findByIdUsingGET_6 
2021-10-28 23:16:02 INFO Generating unique operation named: findWithArgumentsUsingGET_6 
2021-10-28 23:16:02 INFO Started Application in 7.253 seconds (JVM running for 7.89) 
2021-10-28 23:16:07 INFO Initializing Spring DispatcherServlet 'dispatcherServlet' 
2021-10-28 23:16:07 INFO Initializing Servlet 'dispatcherServlet' 
2021-10-28 23:16:07 INFO Completed initialization in 2 ms 
