2021-10-31 20:15:04 ERROR Application run failed 
org.springframework.beans.factory.BeanCreationException: Error creating bean with name 'slotController' defined in file [C:\Users\Admin\OneDrive - Unicorn\Documents\GitHub\com-lasa\com-lasa-service\target\classes\com\lasa\business\controllers\implv1\SlotController.class]: Initialization of bean failed; nested exception is java.lang.IllegalArgumentException: Failed to parse expression 'null'
	at org.springframework.beans.factory.support.AbstractAutowireCapableBeanFactory.doCreateBean(AbstractAutowireCapableBeanFactory.java:628) ~[spring-beans-5.3.10.jar:5.3.10]
	at org.springframework.beans.factory.support.AbstractAutowireCapableBeanFactory.createBean(AbstractAutowireCapableBeanFactory.java:542) ~[spring-beans-5.3.10.jar:5.3.10]
	at org.springframework.beans.factory.support.AbstractBeanFactory.lambda$doGetBean$0(AbstractBeanFactory.java:335) ~[spring-beans-5.3.10.jar:5.3.10]
	at org.springframework.beans.factory.support.DefaultSingletonBeanRegistry.getSingleton(DefaultSingletonBeanRegistry.java:234) ~[spring-beans-5.3.10.jar:5.3.10]
	at org.springframework.beans.factory.support.AbstractBeanFactory.doGetBean(AbstractBeanFactory.java:333) ~[spring-beans-5.3.10.jar:5.3.10]
	at org.springframework.beans.factory.support.AbstractBeanFactory.getBean(AbstractBeanFactory.java:208) ~[spring-beans-5.3.10.jar:5.3.10]
	at org.springframework.beans.factory.support.DefaultListableBeanFactory.preInstantiateSingletons(DefaultListableBeanFactory.java:944) ~[spring-beans-5.3.10.jar:5.3.10]
	at org.springframework.context.support.AbstractApplicationContext.finishBeanFactoryInitialization(AbstractApplicationContext.java:918) ~[spring-context-5.3.10.jar:5.3.10]
	at org.springframework.context.support.AbstractApplicationContext.refresh(AbstractApplicationContext.java:583) ~[spring-context-5.3.10.jar:5.3.10]
	at org.springframework.boot.web.servlet.context.ServletWebServerApplicationContext.refresh(ServletWebServerApplicationContext.java:145) ~[spring-boot-2.5.5.jar:2.5.5]
	at org.springframework.boot.SpringApplication.refresh(SpringApplication.java:754) [spring-boot-2.5.5.jar:2.5.5]
	at org.springframework.boot.SpringApplication.refreshContext(SpringApplication.java:434) [spring-boot-2.5.5.jar:2.5.5]
	at org.springframework.boot.SpringApplication.run(SpringApplication.java:338) [spring-boot-2.5.5.jar:2.5.5]
	at org.springframework.boot.SpringApplication.run(SpringApplication.java:1343) [spring-boot-2.5.5.jar:2.5.5]
	at org.springframework.boot.SpringApplication.run(SpringApplication.java:1332) [spring-boot-2.5.5.jar:2.5.5]
	at com.lasa.Application.main(Application.java:45) [classes/:?]
Caused by: java.lang.IllegalArgumentException: Failed to parse expression 'null'
	at org.springframework.security.access.expression.method.ExpressionBasedAnnotationAttributeFactory.createPreInvocationAttribute(ExpressionBasedAnnotationAttributeFactory.java:59) ~[spring-security-core-5.5.2.jar:5.5.2]
	at org.springframework.security.access.prepost.PrePostAnnotationSecurityMetadataSource.getAttributes(PrePostAnnotationSecurityMetadataSource.java:83) ~[spring-security-core-5.5.2.jar:5.5.2]
	at org.springframework.security.access.method.DelegatingMethodSecurityMetadataSource.getAttributes(DelegatingMethodSecurityMetadataSource.java:66) ~[spring-security-core-5.5.2.jar:5.5.2]
	at org.springframework.security.access.intercept.aopalliance.MethodSecurityMetadataSourceAdvisor$MethodSecurityMetadataSourcePointcut.matches(MethodSecurityMetadataSourceAdvisor.java:127) ~[spring-security-core-5.5.2.jar:5.5.2]
	at org.springframework.aop.support.AopUtils.canApply(AopUtils.java:252) ~[spring-aop-5.3.10.jar:5.3.10]
	at org.springframework.aop.support.AopUtils.canApply(AopUtils.java:289) ~[spring-aop-5.3.10.jar:5.3.10]
	at org.springframework.aop.support.AopUtils.findAdvisorsThatCanApply(AopUtils.java:321) ~[spring-aop-5.3.10.jar:5.3.10]
	at org.springframework.aop.framework.autoproxy.AbstractAdvisorAutoProxyCreator.findAdvisorsThatCanApply(AbstractAdvisorAutoProxyCreator.java:128) ~[spring-aop-5.3.10.jar:5.3.10]
	at org.springframework.aop.framework.autoproxy.AbstractAdvisorAutoProxyCreator.findEligibleAdvisors(AbstractAdvisorAutoProxyCreator.java:97) ~[spring-aop-5.3.10.jar:5.3.10]
	at org.springframework.aop.framework.autoproxy.AbstractAdvisorAutoProxyCreator.getAdvicesAndAdvisorsForBean(AbstractAdvisorAutoProxyCreator.java:78) ~[spring-aop-5.3.10.jar:5.3.10]
	at org.springframework.aop.framework.autoproxy.AbstractAutoProxyCreator.wrapIfNecessary(AbstractAutoProxyCreator.java:339) ~[spring-aop-5.3.10.jar:5.3.10]
	at org.springframework.aop.framework.autoproxy.AbstractAutoProxyCreator.postProcessAfterInitialization(AbstractAutoProxyCreator.java:291) ~[spring-aop-5.3.10.jar:5.3.10]
	at org.springframework.beans.factory.support.AbstractAutowireCapableBeanFactory.applyBeanPostProcessorsAfterInitialization(AbstractAutowireCapableBeanFactory.java:455) ~[spring-beans-5.3.10.jar:5.3.10]
	at org.springframework.beans.factory.support.AbstractAutowireCapableBeanFactory.initializeBean(AbstractAutowireCapableBeanFactory.java:1808) ~[spring-beans-5.3.10.jar:5.3.10]
	at org.springframework.beans.factory.support.AbstractAutowireCapableBeanFactory.doCreateBean(AbstractAutowireCapableBeanFactory.java:620) ~[spring-beans-5.3.10.jar:5.3.10]
	... 15 more
Caused by: org.springframework.expression.spel.SpelParseException: EL1041E: After parsing a valid expression, there is still more data in the expression: 'assign(=)'
	at org.springframework.expression.spel.standard.InternalSpelExpressionParser.doParseExpression(InternalSpelExpressionParser.java:135) ~[spring-expression-5.3.10.jar:5.3.10]
	at org.springframework.expression.spel.standard.SpelExpressionParser.doParseExpression(SpelExpressionParser.java:61) ~[spring-expression-5.3.10.jar:5.3.10]
	at org.springframework.expression.spel.standard.SpelExpressionParser.doParseExpression(SpelExpressionParser.java:33) ~[spring-expression-5.3.10.jar:5.3.10]
	at org.springframework.expression.common.TemplateAwareExpressionParser.parseExpression(TemplateAwareExpressionParser.java:52) ~[spring-expression-5.3.10.jar:5.3.10]
	at org.springframework.expression.common.TemplateAwareExpressionParser.parseExpression(TemplateAwareExpressionParser.java:43) ~[spring-expression-5.3.10.jar:5.3.10]
	at org.springframework.security.access.expression.method.ExpressionBasedAnnotationAttributeFactory.createPreInvocationAttribute(ExpressionBasedAnnotationAttributeFactory.java:53) ~[spring-security-core-5.5.2.jar:5.5.2]
	at org.springframework.security.access.prepost.PrePostAnnotationSecurityMetadataSource.getAttributes(PrePostAnnotationSecurityMetadataSource.java:83) ~[spring-security-core-5.5.2.jar:5.5.2]
	at org.springframework.security.access.method.DelegatingMethodSecurityMetadataSource.getAttributes(DelegatingMethodSecurityMetadataSource.java:66) ~[spring-security-core-5.5.2.jar:5.5.2]
	at org.springframework.security.access.intercept.aopalliance.MethodSecurityMetadataSourceAdvisor$MethodSecurityMetadataSourcePointcut.matches(MethodSecurityMetadataSourceAdvisor.java:127) ~[spring-security-core-5.5.2.jar:5.5.2]
	at org.springframework.aop.support.AopUtils.canApply(AopUtils.java:252) ~[spring-aop-5.3.10.jar:5.3.10]
	at org.springframework.aop.support.AopUtils.canApply(AopUtils.java:289) ~[spring-aop-5.3.10.jar:5.3.10]
	at org.springframework.aop.support.AopUtils.findAdvisorsThatCanApply(AopUtils.java:321) ~[spring-aop-5.3.10.jar:5.3.10]
	at org.springframework.aop.framework.autoproxy.AbstractAdvisorAutoProxyCreator.findAdvisorsThatCanApply(AbstractAdvisorAutoProxyCreator.java:128) ~[spring-aop-5.3.10.jar:5.3.10]
	at org.springframework.aop.framework.autoproxy.AbstractAdvisorAutoProxyCreator.findEligibleAdvisors(AbstractAdvisorAutoProxyCreator.java:97) ~[spring-aop-5.3.10.jar:5.3.10]
	at org.springframework.aop.framework.autoproxy.AbstractAdvisorAutoProxyCreator.getAdvicesAndAdvisorsForBean(AbstractAdvisorAutoProxyCreator.java:78) ~[spring-aop-5.3.10.jar:5.3.10]
	at org.springframework.aop.framework.autoproxy.AbstractAutoProxyCreator.wrapIfNecessary(AbstractAutoProxyCreator.java:339) ~[spring-aop-5.3.10.jar:5.3.10]
	at org.springframework.aop.framework.autoproxy.AbstractAutoProxyCreator.postProcessAfterInitialization(AbstractAutoProxyCreator.java:291) ~[spring-aop-5.3.10.jar:5.3.10]
	at org.springframework.beans.factory.support.AbstractAutowireCapableBeanFactory.applyBeanPostProcessorsAfterInitialization(AbstractAutowireCapableBeanFactory.java:455) ~[spring-beans-5.3.10.jar:5.3.10]
	at org.springframework.beans.factory.support.AbstractAutowireCapableBeanFactory.initializeBean(AbstractAutowireCapableBeanFactory.java:1808) ~[spring-beans-5.3.10.jar:5.3.10]
	at org.springframework.beans.factory.support.AbstractAutowireCapableBeanFactory.doCreateBean(AbstractAutowireCapableBeanFactory.java:620) ~[spring-beans-5.3.10.jar:5.3.10]
	... 15 more
