2021-11-03 15:55:36 WARN spring.jpa.open-in-view is enabled by default. Therefore, database queries may be performed during view rendering. Explicitly configure spring.jpa.open-in-view to disable this warning 
2021-11-03 16:05:58 WARN webapp - Connection ConnectionID:1 ClientConnectionId: 8919487c-b507-4ae4-beef-9509f8815137 marked as broken because of SQLSTATE(08S01), ErrorCode(0) 
com.microsoft.sqlserver.jdbc.SQLServerException: Socket closed
	at com.microsoft.sqlserver.jdbc.SQLServerConnection.terminate(SQLServerConnection.java:3206) ~[mssql-jdbc-9.2.1.jre8.jar:?]
	at com.microsoft.sqlserver.jdbc.TDSChannel.read(IOBuffer.java:2066) ~[mssql-jdbc-9.2.1.jre8.jar:?]
	at com.microsoft.sqlserver.jdbc.TDSReader.readPacket(IOBuffer.java:6617) ~[mssql-jdbc-9.2.1.jre8.jar:?]
	at com.microsoft.sqlserver.jdbc.TDSCommand.startResponse(IOBuffer.java:7805) ~[mssql-jdbc-9.2.1.jre8.jar:?]
	at com.microsoft.sqlserver.jdbc.TDSCommand.startResponse(IOBuffer.java:7768) ~[mssql-jdbc-9.2.1.jre8.jar:?]
	at com.microsoft.sqlserver.jdbc.SQLServerConnection$1ConnectionCommand.doExecute(SQLServerConnection.java:3314) ~[mssql-jdbc-9.2.1.jre8.jar:?]
	at com.microsoft.sqlserver.jdbc.TDSCommand.execute(IOBuffer.java:7418) ~[mssql-jdbc-9.2.1.jre8.jar:?]
	at com.microsoft.sqlserver.jdbc.SQLServerConnection.executeCommand(SQLServerConnection.java:3272) ~[mssql-jdbc-9.2.1.jre8.jar:?]
	at com.microsoft.sqlserver.jdbc.SQLServerConnection.connectionCommand(SQLServerConnection.java:3318) ~[mssql-jdbc-9.2.1.jre8.jar:?]
	at com.microsoft.sqlserver.jdbc.SQLServerConnection.setAutoCommit(SQLServerConnection.java:3451) ~[mssql-jdbc-9.2.1.jre8.jar:?]
	at com.zaxxer.hikari.pool.ProxyConnection.setAutoCommit(ProxyConnection.java:414) [HikariCP-4.0.3.jar:?]
	at com.zaxxer.hikari.pool.HikariProxyConnection.setAutoCommit(HikariProxyConnection.java) [HikariCP-4.0.3.jar:?]
	at org.hibernate.resource.jdbc.internal.AbstractLogicalConnectionImplementor.resetConnection(AbstractLogicalConnectionImplementor.java:106) [hibernate-core-5.4.32.Final.jar:5.4.32.Final]
	at org.hibernate.resource.jdbc.internal.LogicalConnectionManagedImpl.afterCompletion(LogicalConnectionManagedImpl.java:290) [hibernate-core-5.4.32.Final.jar:5.4.32.Final]
	at org.hibernate.resource.jdbc.internal.AbstractLogicalConnectionImplementor.commit(AbstractLogicalConnectionImplementor.java:95) [hibernate-core-5.4.32.Final.jar:5.4.32.Final]
	at org.hibernate.resource.transaction.backend.jdbc.internal.JdbcResourceLocalTransactionCoordinatorImpl$TransactionDriverControlImpl.commit(JdbcResourceLocalTransactionCoordinatorImpl.java:282) [hibernate-core-5.4.32.Final.jar:5.4.32.Final]
	at org.hibernate.engine.transaction.internal.TransactionImpl.commit(TransactionImpl.java:101) [hibernate-core-5.4.32.Final.jar:5.4.32.Final]
	at org.springframework.orm.jpa.JpaTransactionManager.doCommit(JpaTransactionManager.java:562) [spring-orm-5.3.10.jar:5.3.10]
	at org.springframework.transaction.support.AbstractPlatformTransactionManager.processCommit(AbstractPlatformTransactionManager.java:743) [spring-tx-5.3.10.jar:5.3.10]
	at org.springframework.transaction.support.AbstractPlatformTransactionManager.commit(AbstractPlatformTransactionManager.java:711) [spring-tx-5.3.10.jar:5.3.10]
	at org.springframework.transaction.interceptor.TransactionAspectSupport.commitTransactionAfterReturning(TransactionAspectSupport.java:654) [spring-tx-5.3.10.jar:5.3.10]
	at org.springframework.transaction.interceptor.TransactionAspectSupport.invokeWithinTransaction(TransactionAspectSupport.java:407) [spring-tx-5.3.10.jar:5.3.10]
	at org.springframework.transaction.interceptor.TransactionInterceptor.invoke(TransactionInterceptor.java:119) [spring-tx-5.3.10.jar:5.3.10]
	at org.springframework.aop.framework.ReflectiveMethodInvocation.proceed(ReflectiveMethodInvocation.java:186) [spring-aop-5.3.10.jar:5.3.10]
	at org.springframework.dao.support.PersistenceExceptionTranslationInterceptor.invoke(PersistenceExceptionTranslationInterceptor.java:137) [spring-tx-5.3.10.jar:5.3.10]
	at org.springframework.aop.framework.ReflectiveMethodInvocation.proceed(ReflectiveMethodInvocation.java:186) [spring-aop-5.3.10.jar:5.3.10]
	at org.springframework.data.jpa.repository.support.CrudMethodMetadataPostProcessor$CrudMethodMetadataPopulatingMethodInterceptor.invoke(CrudMethodMetadataPostProcessor.java:174) [spring-data-jpa-2.5.5.jar:2.5.5]
	at org.springframework.aop.framework.ReflectiveMethodInvocation.proceed(ReflectiveMethodInvocation.java:186) [spring-aop-5.3.10.jar:5.3.10]
	at org.springframework.aop.interceptor.ExposeInvocationInterceptor.invoke(ExposeInvocationInterceptor.java:97) [spring-aop-5.3.10.jar:5.3.10]
	at org.springframework.aop.framework.ReflectiveMethodInvocation.proceed(ReflectiveMethodInvocation.java:186) [spring-aop-5.3.10.jar:5.3.10]
	at org.springframework.aop.framework.JdkDynamicAopProxy.invoke(JdkDynamicAopProxy.java:215) [spring-aop-5.3.10.jar:5.3.10]
	at com.sun.proxy.$Proxy142.findAll(Unknown Source) [?:?]
	at com.lasa.business.services.implv1.LecturerServiceImpl.findAll(LecturerServiceImpl.java:59) [classes/:?]
	at com.lasa.business.services.implv1.SlotServiceImpl.getLecturers(SlotServiceImpl.java:181) [classes/:?]
	at com.lasa.business.services.implv1.SlotServiceImpl.mapLecturer(SlotServiceImpl.java:166) [classes/:?]
	at com.lasa.business.services.implv1.SlotServiceImpl.findWithArguments(SlotServiceImpl.java:99) [classes/:?]
	at com.lasa.business.services.implv1.SlotServiceImpl$$FastClassBySpringCGLIB$$cf8a10e4.invoke(<generated>) [classes/:?]
	at org.springframework.cglib.proxy.MethodProxy.invoke(MethodProxy.java:218) [spring-core-5.3.10.jar:5.3.10]
	at org.springframework.aop.framework.CglibAopProxy$DynamicAdvisedInterceptor.intercept(CglibAopProxy.java:688) [spring-aop-5.3.10.jar:5.3.10]
	at com.lasa.business.services.implv1.SlotServiceImpl$$EnhancerBySpringCGLIB$$9edce475.findWithArguments(<generated>) [classes/:?]
	at com.lasa.business.services.implv1.EmailSenderServiceImpl.sendEmailNotifyBeforeMeeting(EmailSenderServiceImpl.java:120) [classes/:?]
	at sun.reflect.NativeMethodAccessorImpl.invoke0(Native Method) ~[?:1.8.0_301]
	at sun.reflect.NativeMethodAccessorImpl.invoke(NativeMethodAccessorImpl.java:62) ~[?:1.8.0_301]
	at sun.reflect.DelegatingMethodAccessorImpl.invoke(DelegatingMethodAccessorImpl.java:43) ~[?:1.8.0_301]
	at java.lang.reflect.Method.invoke(Method.java:498) ~[?:1.8.0_301]
	at org.springframework.scheduling.support.ScheduledMethodRunnable.run(ScheduledMethodRunnable.java:84) [spring-context-5.3.10.jar:5.3.10]
	at org.springframework.scheduling.support.DelegatingErrorHandlingRunnable.run(DelegatingErrorHandlingRunnable.java:54) [spring-context-5.3.10.jar:5.3.10]
	at java.util.concurrent.Executors$RunnableAdapter.call(Executors.java:511) [?:1.8.0_301]
	at java.util.concurrent.FutureTask.runAndReset(FutureTask.java:308) [?:1.8.0_301]
	at java.util.concurrent.ScheduledThreadPoolExecutor$ScheduledFutureTask.access$301(ScheduledThreadPoolExecutor.java:180) [?:1.8.0_301]
	at java.util.concurrent.ScheduledThreadPoolExecutor$ScheduledFutureTask.run(ScheduledThreadPoolExecutor.java:294) [?:1.8.0_301]
	at java.util.concurrent.ThreadPoolExecutor.runWorker(ThreadPoolExecutor.java:1149) [?:1.8.0_301]
	at java.util.concurrent.ThreadPoolExecutor$Worker.run(ThreadPoolExecutor.java:624) [?:1.8.0_301]
	at java.lang.Thread.run(Thread.java:748) [?:1.8.0_301]
Caused by: java.net.SocketException: Socket closed
	at java.net.SocketInputStream.socketRead0(Native Method) ~[?:1.8.0_301]
	at java.net.SocketInputStream.socketRead(SocketInputStream.java:116) ~[?:1.8.0_301]
	at java.net.SocketInputStream.read(SocketInputStream.java:171) ~[?:1.8.0_301]
	at java.net.SocketInputStream.read(SocketInputStream.java:141) ~[?:1.8.0_301]
	at com.microsoft.sqlserver.jdbc.TDSChannel.read(IOBuffer.java:2058) ~[mssql-jdbc-9.2.1.jre8.jar:?]
	... 52 more
