2021-10-24 21:03:24 DEBUG Securing GET / 
2021-10-24 21:03:24 DEBUG Securing GET /error 
2021-10-24 21:03:24 DEBUG Secured GET /error 
2021-10-24 21:03:25 DEBUG Securing GET /csrf 
2021-10-24 21:03:25 DEBUG Securing GET /error 
2021-10-24 21:03:25 DEBUG Secured GET /error 
2021-10-24 21:03:29 DEBUG Securing GET / 
2021-10-24 21:03:29 DEBUG Securing GET /error 
2021-10-24 21:03:29 DEBUG Secured GET /error 
2021-10-24 21:03:29 DEBUG Securing GET /csrf 
2021-10-24 21:03:29 DEBUG Securing GET /error 
2021-10-24 21:03:29 DEBUG Secured GET /error 
2021-10-24 21:03:37 DEBUG Securing GET /api/v1/swagger-ui.html 
2021-10-24 21:03:37 DEBUG Securing GET /error 
2021-10-24 21:03:37 DEBUG Secured GET /error 
2021-10-24 21:08:14 DEBUG Securing POST /api/v1/booking-requests?accountNonExpired=false&accountNonLocked=true&authorities%5B0%5D.authority=authorities%5B0%5D.authority 
2021-10-24 21:08:14 DEBUG Securing POST /error?accountNonExpired=false&accountNonLocked=true&authorities%5B0%5D.authority=authorities%5B0%5D.authority 
2021-10-24 21:08:14 DEBUG Secured POST /error?accountNonExpired=false&accountNonLocked=true&authorities%5B0%5D.authority=authorities%5B0%5D.authority 
2021-10-24 21:12:24 DEBUG Securing POST /api/v1/booking-requests?accountNonExpired=false&accountNonLocked=true&authorities%5B0%5D.authority=au 
2021-10-24 21:12:24 DEBUG Securing POST /error?accountNonExpired=false&accountNonLocked=true&authorities%5B0%5D.authority=au 
2021-10-24 21:12:24 DEBUG Secured POST /error?accountNonExpired=false&accountNonLocked=true&authorities%5B0%5D.authority=au 
2021-10-24 21:12:25 DEBUG Securing POST /api/v1/booking-requests?accountNonExpired=false&accountNonLocked=true&authorities%5B0%5D.authority=au 
2021-10-24 21:12:25 DEBUG Securing POST /error?accountNonExpired=false&accountNonLocked=true&authorities%5B0%5D.authority=au 
2021-10-24 21:12:25 DEBUG Secured POST /error?accountNonExpired=false&accountNonLocked=true&authorities%5B0%5D.authority=au 
2021-10-24 21:13:17 DEBUG Securing POST /api/v1/booking-requests?accountNonExpired=false&accountNonLocked=true&authorities%5B0%5D.authority=au&id=12&name=tung&password=123456789&status=1&username=tung 
2021-10-24 21:13:17 DEBUG Securing POST /error?accountNonExpired=false&accountNonLocked=true&authorities%5B0%5D.authority=au&id=12&name=tung&password=123456789&status=1&username=tung 
2021-10-24 21:13:17 DEBUG Secured POST /error?accountNonExpired=false&accountNonLocked=true&authorities%5B0%5D.authority=au&id=12&name=tung&password=123456789&status=1&username=tung 
2021-10-24 21:15:04 DEBUG Securing POST /api/v1/booking-requests?accountNonExpired=false&accountNonLocked=true&authorities%5B0%5D.authority=au&id=12&name=tung&password=123456789&status=1&username=tung 
2021-10-24 21:15:04 DEBUG Securing POST /error?accountNonExpired=false&accountNonLocked=true&authorities%5B0%5D.authority=au&id=12&name=tung&password=123456789&status=1&username=tung 
2021-10-24 21:15:04 DEBUG Secured POST /error?accountNonExpired=false&accountNonLocked=true&authorities%5B0%5D.authority=au&id=12&name=tung&password=123456789&status=1&username=tung 
2021-10-24 21:16:13 DEBUG Securing POST /api/v1/booking-requests?accountNonExpired=false&accountNonLocked=true&authorities%5B0%5D.authority=Bearer%20eyJhbGciOiJIUzUxMiJ9.eyJpc0VuYWJsZWQiOnRydWUsImlzQWNjb3VudE5vbkxvY2tlZCI6dHJ1ZSwiYXV0aG9yaXRpZXMiOlt7ImF1dGhvcml0eSI6InN0dWRlbnQ6d3JpdGUifSx7ImF1dGhvcml0eSI6ImxlY3R1cmVyOndyaXRlIn0seyJhdXRob3JpdHkiOiJzdHVkZW50OnJlYWQifSx7ImF1dGhvcml0eSI6ImxlY3R1cmVyOnJlYWRBbGwifSx7ImF1dGhvcml0eSI6InN0dWRlbnQ6cmVhZEFsbCJ9LHsiYXV0aG9yaXR5IjoibGVjdHVyZXI6cmVhZCJ9LHsiYXV0aG9yaXR5IjoiUk9MRV9BRE1JTiJ9XSwic3ViIjoiYWRtaW4iLCJpYXQiOjE2MzQ3ODc0NzgsImV4cCI6MTYzNTM5MjI3OH0.ItQyW_S1B0eNWNv0TUiGN30fn1PgF3mnw8EBTuSCSZmBS_nHramwBJL2aBCUwRZ_QUxUTzKlzprcrB_cYGHuiw&grantedAuthorities%5B0%5D.authority=Bearer%20eyJhbGciOiJIUzUxMiJ9.eyJpc0VuYWJsZWQiOnRydWUsImlzQWNjb3VudE5vbkxvY2tlZCI6dHJ1ZSwiYXV0aG9yaXRpZXMiOlt7ImF1dGhvcml0eSI6InN0dWRlbnQ6d3JpdGUifSx7ImF1dGhvcml0eSI6ImxlY3R1cmVyOndyaXRlIn0seyJhdXRob3JpdHkiOiJzdHVkZW50OnJlYWQifSx7ImF1dGhvcml0eSI6ImxlY3R1cmVyOnJlYWRBbGwifSx7ImF1dGhvcml0eSI6InN0dWRlbnQ6cmVhZEFsbCJ9LHsiYXV0aG9yaXR5IjoibGVjdHVyZXI6cmVhZCJ9LHsiYXV0aG9yaXR5IjoiUk9MRV9BRE1JTiJ9XSwic3ViIjoiYWRtaW4iLCJpYXQiOjE2MzQ3ODc0NzgsImV4cCI6MTYzNTM5MjI3OH0.ItQyW_S1B0eNWNv0TUiGN30fn1PgF3mnw8EBTuSCSZmBS_nHramwBJL2aBCUwRZ_QUxUTzKlzprcrB_cYGHuiw&id=12&name=tung&password=123456789&status=1&username=tung 
2021-10-24 21:16:13 DEBUG Securing POST /error?accountNonExpired=false&accountNonLocked=true&authorities%5B0%5D.authority=Bearer%20eyJhbGciOiJIUzUxMiJ9.eyJpc0VuYWJsZWQiOnRydWUsImlzQWNjb3VudE5vbkxvY2tlZCI6dHJ1ZSwiYXV0aG9yaXRpZXMiOlt7ImF1dGhvcml0eSI6InN0dWRlbnQ6d3JpdGUifSx7ImF1dGhvcml0eSI6ImxlY3R1cmVyOndyaXRlIn0seyJhdXRob3JpdHkiOiJzdHVkZW50OnJlYWQifSx7ImF1dGhvcml0eSI6ImxlY3R1cmVyOnJlYWRBbGwifSx7ImF1dGhvcml0eSI6InN0dWRlbnQ6cmVhZEFsbCJ9LHsiYXV0aG9yaXR5IjoibGVjdHVyZXI6cmVhZCJ9LHsiYXV0aG9yaXR5IjoiUk9MRV9BRE1JTiJ9XSwic3ViIjoiYWRtaW4iLCJpYXQiOjE2MzQ3ODc0NzgsImV4cCI6MTYzNTM5MjI3OH0.ItQyW_S1B0eNWNv0TUiGN30fn1PgF3mnw8EBTuSCSZmBS_nHramwBJL2aBCUwRZ_QUxUTzKlzprcrB_cYGHuiw&grantedAuthorities%5B0%5D.authority=Bearer%20eyJhbGciOiJIUzUxMiJ9.eyJpc0VuYWJsZWQiOnRydWUsImlzQWNjb3VudE5vbkxvY2tlZCI6dHJ1ZSwiYXV0aG9yaXRpZXMiOlt7ImF1dGhvcml0eSI6InN0dWRlbnQ6d3JpdGUifSx7ImF1dGhvcml0eSI6ImxlY3R1cmVyOndyaXRlIn0seyJhdXRob3JpdHkiOiJzdHVkZW50OnJlYWQifSx7ImF1dGhvcml0eSI6ImxlY3R1cmVyOnJlYWRBbGwifSx7ImF1dGhvcml0eSI6InN0dWRlbnQ6cmVhZEFsbCJ9LHsiYXV0aG9yaXR5IjoibGVjdHVyZXI6cmVhZCJ9LHsiYXV0aG9yaXR5IjoiUk9MRV9BRE1JTiJ9XSwic3ViIjoiYWRtaW4iLCJpYXQiOjE2MzQ3ODc0NzgsImV4cCI6MTYzNTM5MjI3OH0.ItQyW_S1B0eNWNv0TUiGN30fn1PgF3mnw8EBTuSCSZmBS_nHramwBJL2aBCUwRZ_QUxUTzKlzprcrB_cYGHuiw&id=12&name=tung&password=123456789&status=1&username=tung 
2021-10-24 21:16:13 DEBUG Secured POST /error?accountNonExpired=false&accountNonLocked=true&authorities%5B0%5D.authority=Bearer%20eyJhbGciOiJIUzUxMiJ9.eyJpc0VuYWJsZWQiOnRydWUsImlzQWNjb3VudE5vbkxvY2tlZCI6dHJ1ZSwiYXV0aG9yaXRpZXMiOlt7ImF1dGhvcml0eSI6InN0dWRlbnQ6d3JpdGUifSx7ImF1dGhvcml0eSI6ImxlY3R1cmVyOndyaXRlIn0seyJhdXRob3JpdHkiOiJzdHVkZW50OnJlYWQifSx7ImF1dGhvcml0eSI6ImxlY3R1cmVyOnJlYWRBbGwifSx7ImF1dGhvcml0eSI6InN0dWRlbnQ6cmVhZEFsbCJ9LHsiYXV0aG9yaXR5IjoibGVjdHVyZXI6cmVhZCJ9LHsiYXV0aG9yaXR5IjoiUk9MRV9BRE1JTiJ9XSwic3ViIjoiYWRtaW4iLCJpYXQiOjE2MzQ3ODc0NzgsImV4cCI6MTYzNTM5MjI3OH0.ItQyW_S1B0eNWNv0TUiGN30fn1PgF3mnw8EBTuSCSZmBS_nHramwBJL2aBCUwRZ_QUxUTzKlzprcrB_cYGHuiw&grantedAuthorities%5B0%5D.authority=Bearer%20eyJhbGciOiJIUzUxMiJ9.eyJpc0VuYWJsZWQiOnRydWUsImlzQWNjb3VudE5vbkxvY2tlZCI6dHJ1ZSwiYXV0aG9yaXRpZXMiOlt7ImF1dGhvcml0eSI6InN0dWRlbnQ6d3JpdGUifSx7ImF1dGhvcml0eSI6ImxlY3R1cmVyOndyaXRlIn0seyJhdXRob3JpdHkiOiJzdHVkZW50OnJlYWQifSx7ImF1dGhvcml0eSI6ImxlY3R1cmVyOnJlYWRBbGwifSx7ImF1dGhvcml0eSI6InN0dWRlbnQ6cmVhZEFsbCJ9LHsiYXV0aG9yaXR5IjoibGVjdHVyZXI6cmVhZCJ9LHsiYXV0aG9yaXR5IjoiUk9MRV9BRE1JTiJ9XSwic3ViIjoiYWRtaW4iLCJpYXQiOjE2MzQ3ODc0NzgsImV4cCI6MTYzNTM5MjI3OH0.ItQyW_S1B0eNWNv0TUiGN30fn1PgF3mnw8EBTuSCSZmBS_nHramwBJL2aBCUwRZ_QUxUTzKlzprcrB_cYGHuiw&id=12&name=tung&password=123456789&status=1&username=tung 
2021-10-24 21:18:25 DEBUG Securing OPTIONS /api/v1/authentication/google 
2021-10-24 21:18:25 DEBUG Securing POST /api/v1/authentication/google 
2021-10-24 21:18:25 DEBUG Secured POST /api/v1/authentication/google 
2021-10-24 21:18:26 DEBUG Securing OPTIONS /api/v1/home/information 
2021-10-24 21:18:26 DEBUG Securing GET /api/v1/home/information 
2021-10-24 21:18:43 DEBUG Securing OPTIONS /api/v1/authentication/email 
2021-10-24 21:18:43 DEBUG Securing POST /api/v1/authentication/email 
2021-10-24 21:18:43 DEBUG Secured POST /api/v1/authentication/email 
2021-10-24 21:19:06 DEBUG Securing OPTIONS /api/v1/authentication/google 
2021-10-24 21:19:06 DEBUG Securing POST /api/v1/authentication/google 
2021-10-24 21:19:06 DEBUG Secured POST /api/v1/authentication/google 
2021-10-24 21:19:06 DEBUG Securing OPTIONS /api/v1/home/information 
2021-10-24 21:19:06 DEBUG Securing GET /api/v1/home/information 
2021-10-24 21:19:16 DEBUG Securing OPTIONS /api/v1/authentication/email 
2021-10-24 21:19:16 DEBUG Securing POST /api/v1/authentication/email 
2021-10-24 21:19:16 DEBUG Secured POST /api/v1/authentication/email 
2021-10-24 21:19:22 DEBUG Securing OPTIONS /api/v1/authentication/email 
2021-10-24 21:19:22 DEBUG Securing POST /api/v1/authentication/email 
2021-10-24 21:19:22 DEBUG Secured POST /api/v1/authentication/email 
2021-10-24 21:19:58 DEBUG Securing OPTIONS /api/v1/authentication/google 
2021-10-24 21:19:58 DEBUG Securing POST /api/v1/authentication/google 
2021-10-24 21:19:58 DEBUG Secured POST /api/v1/authentication/google 
2021-10-24 21:19:58 DEBUG Securing OPTIONS /api/v1/home/information 
2021-10-24 21:19:58 DEBUG Securing GET /api/v1/home/information 
2021-10-24 21:20:18 DEBUG Securing OPTIONS /api/v1/authentication/email 
2021-10-24 21:20:18 DEBUG Securing POST /api/v1/authentication/email 
2021-10-24 21:20:18 DEBUG Secured POST /api/v1/authentication/email 
